

Microchip Technology PIC18 LITE Macro Assembler V1.45 build -152302408 
                                                                                               Sun Jul 07 22:23:46 2019

Microchip Technology Omniscient Code Generator v1.45 (Free mode) build 201711160504
     1                           	processor	18F4431
     2                           	fnconf	rparam,??,?,0
     3                           	opt	pw 120
     4                           	opt	lm
     5                           	psect	cinit,global,reloc=2,class=CODE,delta=1
     6                           	psect	cstackCOMRAM,global,class=COMRAM,space=1,delta=1,noexec
     7                           	psect	text0,global,reloc=2,class=CODE,delta=1
     8                           	psect	intsave_regs,global,class=BIGRAM,space=1,delta=1,noexec
     9                           	psect	rparam,global,class=COMRAM,space=1,delta=1,noexec
    10  0000                     
    11                           ; Version 1.45
    12                           ; Generated 16/11/2017 GMT
    13                           ; 
    14                           ; Copyright © 2017, Microchip Technology Inc. and its subsidiaries ("Microchip")
    15                           ; All rights reserved.
    16                           ; 
    17                           ; This software is developed by Microchip Technology Inc. and its subsidiaries ("Microch
      +                          ip").
    18                           ; 
    19                           ; Redistribution and use in source and binary forms, with or without modification, are
    20                           ; permitted provided that the following conditions are met:
    21                           ; 
    22                           ;     1. Redistributions of source code must retain the above copyright notice, this lis
      +                          t of
    23                           ;        conditions and the following disclaimer.
    24                           ; 
    25                           ;     2. Redistributions in binary form must reproduce the above copyright notice, this 
      +                          list
    26                           ;        of conditions and the following disclaimer in the documentation and/or other
    27                           ;        materials provided with the distribution.
    28                           ; 
    29                           ;     3. Microchip's name may not be used to endorse or promote products derived from th
      +                          is
    30                           ;        software without specific prior written permission.
    31                           ; 
    32                           ; THIS SOFTWARE IS PROVIDED BY MICROCHIP "AS IS" AND ANY EXPRESS OR IMPLIED WARRANTIES,
    33                           ; INCLUDING, BUT NOT LIMITED TO, THE IMPLIED WARRANTIES OF MERCHANTABILITY AND FITNESS F
      +                          OR
    34                           ; PURPOSE ARE DISCLAIMED.  IN NO EVENT SHALL MICROCHIP BE LIABLE FOR ANY DIRECT, INDIREC
      +                          T,
    35                           ; INCIDENTAL, SPECIAL, EXEMPLARY, OR CONSEQUENTIAL DAMAGES (INCLUDING BUT NOT LIMITED TO
    36                           ; PROCUREMENT OF SUBSTITUTE GOODS OR SERVICES; LOSS OF USE, DATA OR PROFITS; OR BUSINESS
    37                           ; INTERRUPTION) HOWSOEVER CAUSED AND ON ANY THEORY OF LIABILITY, WHETHER IN CONTRACT, ST
      +                          RICT
    38                           ; LIABILITY, OR TORT (INCLUDING NEGLIGENCE OR OTHERWISE) ARISING IN ANY WAY OUT OF THE U
      +                          SE OF
    39                           ; THIS SOFTWARE, EVEN IF ADVISED OF THE POSSIBILITY OF SUCH DAMAGE.
    40                           ; 
    41                           ; 
    42                           ; Code-generator required, PIC18F4431 Definitions
    43                           ; 
    44                           ; SFR Addresses
    45  0000                     _PORTA	set	3968
    46  0000                     _PORTCbits	set	3970
    47  0000                     _TRISCbits	set	3988
    48  0000                     _TRISA	set	3986
    49                           
    50                           ; #config settings
    51  0000                     
    52                           	psect	cinit
    53  003F34                     __pcinit:
    54                           	opt stack 0
    55  003F34                     start_initialization:
    56                           	opt stack 0
    57  003F34                     __initialization:
    58                           	opt stack 0
    59  003F34                     end_of_initialization:
    60                           	opt stack 0
    61  003F34                     __end_of__initialization:
    62                           	opt stack 0
    63  003F34  0100               	movlb	0
    64  003F36  EF9D  F01F         	goto	_main	;jump to C main() function
    65                           
    66                           	psect	cstackCOMRAM
    67  000001                     __pcstackCOMRAM:
    68                           	opt stack 0
    69  000001                     ??_main:
    70  000001                     
    71                           ; 2 bytes @ 0x0
    72  000001                     	ds	1
    73                           
    74 ;;
    75 ;;Main: autosize = 0, tempsize = 1, incstack = 0, save=0
    76 ;;
    77 ;; *************** function _main *****************
    78 ;; Defined at:
    79 ;;		line 5 in file "MAIN.c"
    80 ;; Parameters:    Size  Location     Type
    81 ;;		None
    82 ;; Auto vars:     Size  Location     Type
    83 ;;		None
    84 ;; Return value:  Size  Location     Type
    85 ;;                  2   14[None  ] int 
    86 ;; Registers used:
    87 ;;		wreg, status,2
    88 ;; Tracked objects:
    89 ;;		On entry : 0/0
    90 ;;		On exit  : 0/0
    91 ;;		Unchanged: 0/0
    92 ;; Data sizes:     COMRAM   BANK0   BANK1   BANK2
    93 ;;      Params:         0       0       0       0
    94 ;;      Locals:         0       0       0       0
    95 ;;      Temps:          1       0       0       0
    96 ;;      Totals:         1       0       0       0
    97 ;;Total ram usage:        1 bytes
    98 ;; This function calls:
    99 ;;		Nothing
   100 ;; This function is called by:
   101 ;;		Startup code after reset
   102 ;; This function uses a non-reentrant model
   103 ;;
   104                           
   105                           	psect	text0
   106  003F3A                     __ptext0:
   107                           	opt stack 0
   108  003F3A                     _main:
   109                           	opt stack 31
   110                           
   111                           ;MAIN.c: 7: TRISA = 0x00;
   112                           
   113                           ;incstack = 0
   114  003F3A  0E00               	movlw	0
   115  003F3C  6E92               	movwf	3986,c	;volatile
   116                           
   117                           ;MAIN.c: 8: TRISCbits.RC1 = 1;
   118  003F3E  8294               	bsf	3988,1,c	;volatile
   119  003F40                     
   120                           ;MAIN.c: 11: if(PORTCbits.RC1 == 0){
   121  003F40  B282               	btfsc	3970,1,c	;volatile
   122  003F42  D003               	goto	l16
   123                           
   124                           ;MAIN.c: 12: PORTA = 0x00;
   125  003F44  0E00               	movlw	0
   126  003F46  6E80               	movwf	3968,c	;volatile
   127                           
   128                           ;MAIN.c: 13: }
   129  003F48  D7FB               	goto	l15
   130  003F4A                     l16:
   131                           
   132                           ;MAIN.c: 14: else{
   133                           ;MAIN.c: 15: PORTA = 0b10111110;
   134  003F4A  0EBE               	movlw	190
   135  003F4C  6E80               	movwf	3968,c	;volatile
   136                           
   137                           ;MAIN.c: 16: _delay((unsigned long)((100)*(4000000/4000.0)));
   138  003F4E  0E82               	movlw	130
   139  003F50  6E01               	movwf	??_main& (0+255),c
   140  003F52  0EDE               	movlw	222
   141  003F54                     u27:
   142  003F54  2EE8               	decfsz	wreg,f,c
   143  003F56  D7FE               	bra	u27
   144  003F58  2E01               	decfsz	??_main& (0+255),f,c
   145  003F5A  D7FC               	bra	u27
   146                           
   147                           ;MAIN.c: 17: PORTA = 0b10100000;
   148  003F5C  0EA0               	movlw	160
   149  003F5E  6E80               	movwf	3968,c	;volatile
   150                           
   151                           ;MAIN.c: 18: _delay((unsigned long)((100)*(4000000/4000.0)));
   152  003F60  0E82               	movlw	130
   153  003F62  6E01               	movwf	??_main& (0+255),c
   154  003F64  0EDE               	movlw	222
   155  003F66                     u37:
   156  003F66  2EE8               	decfsz	wreg,f,c
   157  003F68  D7FE               	bra	u37
   158  003F6A  2E01               	decfsz	??_main& (0+255),f,c
   159  003F6C  D7FC               	bra	u37
   160                           
   161                           ;MAIN.c: 19: PORTA = 0b01110110;
   162  003F6E  0E76               	movlw	118
   163  003F70  6E80               	movwf	3968,c	;volatile
   164                           
   165                           ;MAIN.c: 20: _delay((unsigned long)((100)*(4000000/4000.0)));
   166  003F72  0E82               	movlw	130
   167  003F74  6E01               	movwf	??_main& (0+255),c
   168  003F76  0EDE               	movlw	222
   169  003F78                     u47:
   170  003F78  2EE8               	decfsz	wreg,f,c
   171  003F7A  D7FE               	bra	u47
   172  003F7C  2E01               	decfsz	??_main& (0+255),f,c
   173  003F7E  D7FC               	bra	u47
   174                           
   175                           ;MAIN.c: 21: PORTA = 0b11110010;
   176  003F80  0EF2               	movlw	242
   177  003F82  6E80               	movwf	3968,c	;volatile
   178                           
   179                           ;MAIN.c: 22: _delay((unsigned long)((100)*(4000000/4000.0)));
   180  003F84  0E82               	movlw	130
   181  003F86  6E01               	movwf	??_main& (0+255),c
   182  003F88  0EDE               	movlw	222
   183  003F8A                     u57:
   184  003F8A  2EE8               	decfsz	wreg,f,c
   185  003F8C  D7FE               	bra	u57
   186  003F8E  2E01               	decfsz	??_main& (0+255),f,c
   187  003F90  D7FC               	bra	u57
   188                           
   189                           ;MAIN.c: 23: PORTA = 0b11101000;
   190  003F92  0EE8               	movlw	232
   191  003F94  6E80               	movwf	3968,c	;volatile
   192                           
   193                           ;MAIN.c: 24: _delay((unsigned long)((100)*(4000000/4000.0)));
   194  003F96  0E82               	movlw	130
   195  003F98  6E01               	movwf	??_main& (0+255),c
   196  003F9A  0EDE               	movlw	222
   197  003F9C                     u67:
   198  003F9C  2EE8               	decfsz	wreg,f,c
   199  003F9E  D7FE               	bra	u67
   200  003FA0  2E01               	decfsz	??_main& (0+255),f,c
   201  003FA2  D7FC               	bra	u67
   202                           
   203                           ;MAIN.c: 25: PORTA = 0b11011010;
   204  003FA4  0EDA               	movlw	218
   205  003FA6  6E80               	movwf	3968,c	;volatile
   206                           
   207                           ;MAIN.c: 26: _delay((unsigned long)((100)*(4000000/4000.0)));
   208  003FA8  0E82               	movlw	130
   209  003FAA  6E01               	movwf	??_main& (0+255),c
   210  003FAC  0EDE               	movlw	222
   211  003FAE                     u77:
   212  003FAE  2EE8               	decfsz	wreg,f,c
   213  003FB0  D7FE               	bra	u77
   214  003FB2  2E01               	decfsz	??_main& (0+255),f,c
   215  003FB4  D7FC               	bra	u77
   216                           
   217                           ;MAIN.c: 27: PORTA = 0b11011110;
   218  003FB6  0EDE               	movlw	222
   219  003FB8  6E80               	movwf	3968,c	;volatile
   220                           
   221                           ;MAIN.c: 28: _delay((unsigned long)((100)*(4000000/4000.0)));
   222  003FBA  0E82               	movlw	130
   223  003FBC  6E01               	movwf	??_main& (0+255),c
   224  003FBE  0EDE               	movlw	222
   225  003FC0                     u87:
   226  003FC0  2EE8               	decfsz	wreg,f,c
   227  003FC2  D7FE               	bra	u87
   228  003FC4  2E01               	decfsz	??_main& (0+255),f,c
   229  003FC6  D7FC               	bra	u87
   230                           
   231                           ;MAIN.c: 29: PORTA = 0b10110000;
   232  003FC8  0EB0               	movlw	176
   233  003FCA  6E80               	movwf	3968,c	;volatile
   234                           
   235                           ;MAIN.c: 30: _delay((unsigned long)((100)*(4000000/4000.0)));
   236  003FCC  0E82               	movlw	130
   237  003FCE  6E01               	movwf	??_main& (0+255),c
   238  003FD0  0EDE               	movlw	222
   239  003FD2                     u97:
   240  003FD2  2EE8               	decfsz	wreg,f,c
   241  003FD4  D7FE               	bra	u97
   242  003FD6  2E01               	decfsz	??_main& (0+255),f,c
   243  003FD8  D7FC               	bra	u97
   244                           
   245                           ;MAIN.c: 31: PORTA = 0b11111110;
   246  003FDA  0EFE               	movlw	254
   247  003FDC  6E80               	movwf	3968,c	;volatile
   248                           
   249                           ;MAIN.c: 32: _delay((unsigned long)((100)*(4000000/4000.0)));
   250  003FDE  0E82               	movlw	130
   251  003FE0  6E01               	movwf	??_main& (0+255),c
   252  003FE2  0EDE               	movlw	222
   253  003FE4                     u107:
   254  003FE4  2EE8               	decfsz	wreg,f,c
   255  003FE6  D7FE               	bra	u107
   256  003FE8  2E01               	decfsz	??_main& (0+255),f,c
   257  003FEA  D7FC               	bra	u107
   258                           
   259                           ;MAIN.c: 33: PORTA = 0b11111010;
   260  003FEC  0EFA               	movlw	250
   261  003FEE  6E80               	movwf	3968,c	;volatile
   262                           
   263                           ;MAIN.c: 34: _delay((unsigned long)((100)*(4000000/4000.0)));
   264  003FF0  0E82               	movlw	130
   265  003FF2  6E01               	movwf	??_main& (0+255),c
   266  003FF4  0EDE               	movlw	222
   267  003FF6                     u117:
   268  003FF6  2EE8               	decfsz	wreg,f,c
   269  003FF8  D7FE               	bra	u117
   270  003FFA  2E01               	decfsz	??_main& (0+255),f,c
   271  003FFC  D7FC               	bra	u117
   272  003FFE  D7A0               	goto	l15
   273  004000                     __end_of_main:
   274                           	opt stack 0
   275  0000                     wreg	equ	0xFE8
   276                           wreg	equ	0xFE8
   277                           
   278                           	psect	rparam
   279  0000                     wreg	equ	0xFE8


Data Sizes:
    Strings     0
    Constant    0
    Data        0
    BSS         0
    Persistent  0
    Stack       0

Auto Spaces:
    Space          Size  Autos    Used
    COMRAM           95      1       1
    BANK0           160      0       0
    BANK1           256      0       0
    BANK2           256      0       0

Pointer List with Targets:

    None.

Critical Paths under _main in COMRAM

    None.

Critical Paths under _main in BANK0

    None.

Critical Paths under _main in BANK1

    None.

Critical Paths under _main in BANK2

    None.

Call Graph Tables:

 ---------------------------------------------------------------------------------
 (Depth) Function   	        Calls       Base Space   Used Autos Params    Refs
 ---------------------------------------------------------------------------------
 (0) _main                                                 1     1      0       0
                                              0 COMRAM     1     1      0
 ---------------------------------------------------------------------------------
 Estimated maximum stack depth 0
 ---------------------------------------------------------------------------------

 Call Graph Graphs:

 _main (ROOT)

 Address spaces:
Name               Size   Autos  Total    Cost      Usage
BITCOMRAM           5F      0       0       0        0.0%
EEDATA             100      0       0       0        0.0%
NULL                 0      0       0       0        0.0%
CODE                 0      0       0       0        0.0%
COMRAM              5F      1       1       1        1.1%
STACK                0      0       0       2        0.0%
ABS                  0      0       0       3        0.0%
BITBANK0            A0      0       0       4        0.0%
BANK0               A0      0       0       5        0.0%
BITBANK1           100      0       0       6        0.0%
BANK1              100      0       0       7        0.0%
BITBANK2           100      0       0       8        0.0%
BANK2              100      0       0       9        0.0%
BIGRAM             2FF      0       0      10        0.0%
DATA                 0      0       0      11        0.0%
BITSFR               0      0       0     200        0.0%
SFR                  0      0       0     200        0.0%


Microchip Technology PIC18 Macro Assembler V1.45 build -152302408 
Symbol Table                                                                                   Sun Jul 07 22:23:46 2019

                     l15 3F40                       l16 3F4A                       u27 3F54  
                     u37 3F66                       u47 3F78                       u57 3F8A  
                     u67 3F9C                       u77 3FAE                       u87 3FC0  
                     u97 3FD2             __CFG_CP0$OFF 000000             __CFG_CP1$OFF 000000  
           __CFG_CP2$OFF 000000             __CFG_CP3$OFF 000000              __CFG_LVP$ON 000000  
           __CFG_CPB$OFF 000000                      u107 3FE4                      u117 3FF6  
           __CFG_CPD$OFF 000000                      wreg 000FE8                     _main 3F3A  
                   start 0000            __CFG_IESO$OFF 000000             ___param_bank 000000  
                  ?_main 0001                    _PORTA 000F80                    _TRISA 000F92  
          __CFG_WRT0$OFF 000000            __CFG_WRT1$OFF 000000            __CFG_WRT2$OFF 000000  
          __CFG_WRT3$OFF 000000           __CFG_EBTR0$OFF 000000           __CFG_FCMEN$OFF 000000  
         __CFG_EBTR1$OFF 000000           __CFG_EBTR2$OFF 000000           __CFG_EBTR3$OFF 000000  
          __CFG_WRTB$OFF 000000            __CFG_WRTC$OFF 000000            __CFG_WRTD$OFF 000000  
         __CFG_EBTRB$OFF 000000           __CFG_BOREN$OFF 000000           __CFG_MCLRE$OFF 000000  
        __initialization 3F34           __CFG_HPOL$HIGH 000000             __end_of_main 4000  
         __CFG_OSC$IRCIO 000000           __CFG_LPOL$HIGH 000000                   ??_main 0001  
          __activetblptr 000000           __CFG_WDTEN$OFF 000000           __CFG_WINEN$OFF 000000  
         __CFG_SSPMX$RC7 000000           __CFG_STVREN$ON 000000               __accesstop 0060  
__end_of__initialization 3F34          __CFG_FLTAMX$RC1 000000            ___rparam_used 000001  
        __CFG_T1OSCMX$ON 000000           __pcstackCOMRAM 0001          __CFG_WDPS$32768 000000  
        __CFG_PWM4MX$RB5 000000          __CFG_PWMPIN$OFF 000000          __CFG_PWRTEN$OFF 000000  
                __Hparam 0000                  __Lparam 0000                  __pcinit 3F34  
                __ramtop 0300                  __ptext0 3F3A     end_of_initialization 3F34  
              _PORTCbits 000F82                _TRISCbits 000F94         __CFG_EXCLKMX$RC3 000000  
    start_initialization 3F34                 __Hrparam 0000                 __Lrparam 0000  
          __size_of_main 00C6  
